<?xml version="1.0" encoding="UTF-8"?>
<!-- Generated by org.testng.reporters.JUnitXMLReporter -->
<testsuite ignored="0" hostname="mnavsupe-t14" failures="0" tests="6" name="Sanity" time="36.802" errors="0" timestamp="2023-07-12T20:08:27 IST">
  <testcase classname="tests.HomeTests.HomeMenuBarTest" name="test_openHomePage_verifyMenuBarItems" time="10.024"/>
  <testcase classname="tests.WeatherDataTests.WeatherDataSearchTest" name="test_openWeatherDataTabSearchPuneCity_verifyCityWeatherDetailItemNumber" time="10.149"/>
  <testcase classname="tests.WeatherDataTests.WeatherDataSearchTest" name="test_openWeatherDataTabSearchPuneCity_verifyHistoricalAndWeatherMessage" time="9.721"/>
  <testcase classname="api.Tests.WeatherData.WeatherDataGetTests" name="test_getPuneData_verifyLatitudeLongitude" time="3.009"/>
  <testcase classname="api.Tests.WeatherData.WeatherDataGetTests" name="test_getPuneData_verifyResolvedAddress" time="1.254"/>
  <testcase classname="api.Tests.WeatherData.WeatherDataGetTests" name="test_getPuneData_verifyStatusCode" time="1.16"/>
</testsuite> <!-- Sanity -->
