<?xml version="1.0" encoding="UTF-8"?>
<!-- Generated by org.testng.reporters.JUnitXMLReporter -->
<testsuite ignored="2" hostname="mnavsupe-t14" failures="0" tests="1" name="Default test" time="3.336" errors="0" timestamp="2023-07-12T20:03:44 IST">
  <testcase classname="api.Tests.WeatherData.WeatherDataGetTests" name="test_getPuneData_verifyResolvedAddress" time="2.705"/>
  <testcase classname="api.Tests.WeatherData.WeatherDataGetTests" name="test_getPuneData_verifyStatusCode" time="0.0">
    <ignored/>
  </testcase> <!-- test_getPuneData_verifyStatusCode -->
  <testcase classname="api.Tests.WeatherData.WeatherDataGetTests" name="test_getPuneData_verifyLatitudeLongitude" time="0.0">
    <ignored/>
  </testcase> <!-- test_getPuneData_verifyLatitudeLongitude -->
</testsuite> <!-- Default test -->
